<?xml version="1.0" encoding="UTF-8"?>
<!-- Generated by org.testng.reporters.JUnitReportReporter -->
<testsuite hostname="admin-PC" failures="0" tests="1" name="com.hybridframework.testcases.LoginPageTC001" time="5.301" errors="0" timestamp="2022-04-02T00:46:32 IST" skipped="0">
  <testcase classname="com.hybridframework.testcases.LoginPageTC001" name="VerifyLoginFuctionality" time="5.301"/>
  <system-out/>
</testsuite> <!-- com.hybridframework.testcases.LoginPageTC001 -->
